2013-09-13 22:29:41,465 [ModalContext] WARN  o.e.m.i.discovery.MavenDiscovery - CatalogItem org.eclipse.m2e.discovery.lifecyclemapping.m2e-egit does not contain lifecycle mapping metadata
2013-09-13 22:29:41,476 [ModalContext] WARN  o.e.m.i.discovery.MavenDiscovery - CatalogItem org.eclipse.m2e.discovery.lifecyclemapping.m2e-subversive does not contain lifecycle mapping metadata
2013-09-13 22:29:41,478 [ModalContext] WARN  o.e.m.i.discovery.MavenDiscovery - CatalogItem org.eclipse.m2e.discovery.lifecyclemapping.m2e-subclipse does not contain lifecycle mapping metadata
2013-09-13 22:29:58,561 [Worker-4] ERROR o.e.m.c.i.m.MavenMarkerManager - Unable to add marker; org.eclipse.core.internal.resources.ResourceException: Marker id 0 not found.
org.eclipse.core.internal.resources.ResourceException: Marker id 0 not found.
	at org.eclipse.core.internal.resources.Marker.checkInfo(Marker.java:57) ~[org.eclipse.core.resources_3.8.100.v20130521-2026.jar:na]
	at org.eclipse.core.internal.resources.Marker.setAttribute(Marker.java:237) ~[org.eclipse.core.resources_3.8.100.v20130521-2026.jar:na]
	at org.eclipse.core.internal.resources.Marker.setAttribute(Marker.java:223) ~[org.eclipse.core.resources_3.8.100.v20130521-2026.jar:na]
	at org.eclipse.m2e.core.internal.markers.MavenMarkerManager.addMarker(MavenMarkerManager.java:105) [org.eclipse.m2e.core_1.4.0.20130601-0317.jar:na]
	at org.eclipse.m2e.core.internal.markers.MavenMarkerManager.addMarker(MavenMarkerManager.java:84) [org.eclipse.m2e.core_1.4.0.20130601-0317.jar:na]
	at org.eclipse.m2e.editor.xml.internal.MarkerLocationService.checkParentMatchingGroupIdVersion(MarkerLocationService.java:523) ~[na:na]
	at org.eclipse.m2e.editor.xml.internal.MarkerLocationService.checkVarious(MarkerLocationService.java:563) ~[na:na]
	at org.eclipse.m2e.editor.xml.internal.MarkerLocationService.addEditorHintMarkers(MarkerLocationService.java:240) ~[na:na]
	at org.eclipse.m2e.core.internal.markers.MarkerUtils.addEditorHintMarkers(MarkerUtils.java:63) ~[org.eclipse.m2e.core_1.4.0.20130601-0317.jar:na]
	at org.eclipse.m2e.core.internal.project.registry.ProjectRegistryManager$4.call(ProjectRegistryManager.java:662) ~[org.eclipse.m2e.core_1.4.0.20130601-0317.jar:na]
	at org.eclipse.m2e.core.internal.project.registry.ProjectRegistryManager$4.call(ProjectRegistryManager.java:1) ~[org.eclipse.m2e.core_1.4.0.20130601-0317.jar:na]
	at org.eclipse.m2e.core.internal.embedder.MavenExecutionContext.executeBare(MavenExecutionContext.java:161) ~[org.eclipse.m2e.core_1.4.0.20130601-0317.jar:na]
	at org.eclipse.m2e.core.internal.embedder.MavenExecutionContext.execute(MavenExecutionContext.java:137) ~[org.eclipse.m2e.core_1.4.0.20130601-0317.jar:na]
	at org.eclipse.m2e.core.internal.embedder.MavenExecutionContext.execute(MavenExecutionContext.java:89) ~[org.eclipse.m2e.core_1.4.0.20130601-0317.jar:na]
	at org.eclipse.m2e.core.internal.project.registry.ProjectRegistryManager.execute(ProjectRegistryManager.java:897) ~[org.eclipse.m2e.core_1.4.0.20130601-0317.jar:na]
	at org.eclipse.m2e.core.internal.project.registry.ProjectRegistryManager.readMavenProjectFacade(ProjectRegistryManager.java:653) ~[org.eclipse.m2e.core_1.4.0.20130601-0317.jar:na]
	at org.eclipse.m2e.core.internal.project.registry.ProjectRegistryManager.refresh(ProjectRegistryManager.java:374) ~[org.eclipse.m2e.core_1.4.0.20130601-0317.jar:na]
	at org.eclipse.m2e.core.internal.project.registry.ProjectRegistryManager.refresh(ProjectRegistryManager.java:334) ~[org.eclipse.m2e.core_1.4.0.20130601-0317.jar:na]
	at org.eclipse.m2e.core.internal.project.registry.ProjectRegistryRefreshJob$1.call(ProjectRegistryRefreshJob.java:92) ~[org.eclipse.m2e.core_1.4.0.20130601-0317.jar:na]
	at org.eclipse.m2e.core.internal.project.registry.ProjectRegistryRefreshJob$1.call(ProjectRegistryRefreshJob.java:1) ~[org.eclipse.m2e.core_1.4.0.20130601-0317.jar:na]
	at org.eclipse.m2e.core.internal.embedder.MavenExecutionContext.executeBare(MavenExecutionContext.java:161) ~[org.eclipse.m2e.core_1.4.0.20130601-0317.jar:na]
	at org.eclipse.m2e.core.internal.embedder.MavenExecutionContext.execute(MavenExecutionContext.java:137) ~[org.eclipse.m2e.core_1.4.0.20130601-0317.jar:na]
	at org.eclipse.m2e.core.internal.embedder.MavenExecutionContext.execute(MavenExecutionContext.java:89) ~[org.eclipse.m2e.core_1.4.0.20130601-0317.jar:na]
	at org.eclipse.m2e.core.internal.embedder.MavenImpl.execute(MavenImpl.java:1301) ~[org.eclipse.m2e.core_1.4.0.20130601-0317.jar:na]
	at org.eclipse.m2e.core.internal.project.registry.ProjectRegistryRefreshJob.run(ProjectRegistryRefreshJob.java:90) ~[org.eclipse.m2e.core_1.4.0.20130601-0317.jar:na]
	at org.eclipse.core.internal.jobs.Worker.run(Worker.java:53) ~[org.eclipse.core.jobs_3.5.300.v20130429-1813.jar:na]
2013-09-13 22:29:58,562 [Worker-4] ERROR o.e.m.e.x.i.MarkerLocationService - Error checking for warnings
org.eclipse.core.internal.resources.ResourceException: Marker id 0 not found.
	at org.eclipse.core.internal.resources.Marker.checkInfo(Marker.java:57) ~[org.eclipse.core.resources_3.8.100.v20130521-2026.jar:na]
	at org.eclipse.core.internal.resources.Marker.setAttribute(Marker.java:237) ~[org.eclipse.core.resources_3.8.100.v20130521-2026.jar:na]
	at org.eclipse.m2e.editor.xml.internal.MarkerLocationService.checkParentMatchingGroupIdVersion(MarkerLocationService.java:526) [org.eclipse.m2e.editor.xml_1.4.0.20130601-0317.jar:na]
	at org.eclipse.m2e.editor.xml.internal.MarkerLocationService.checkVarious(MarkerLocationService.java:563) [org.eclipse.m2e.editor.xml_1.4.0.20130601-0317.jar:na]
	at org.eclipse.m2e.editor.xml.internal.MarkerLocationService.addEditorHintMarkers(MarkerLocationService.java:240) [org.eclipse.m2e.editor.xml_1.4.0.20130601-0317.jar:na]
	at org.eclipse.m2e.core.internal.markers.MarkerUtils.addEditorHintMarkers(MarkerUtils.java:63) ~[org.eclipse.m2e.core_1.4.0.20130601-0317.jar:na]
	at org.eclipse.m2e.core.internal.project.registry.ProjectRegistryManager$4.call(ProjectRegistryManager.java:662) ~[org.eclipse.m2e.core_1.4.0.20130601-0317.jar:na]
	at org.eclipse.m2e.core.internal.project.registry.ProjectRegistryManager$4.call(ProjectRegistryManager.java:1) ~[org.eclipse.m2e.core_1.4.0.20130601-0317.jar:na]
	at org.eclipse.m2e.core.internal.embedder.MavenExecutionContext.executeBare(MavenExecutionContext.java:161) ~[org.eclipse.m2e.core_1.4.0.20130601-0317.jar:na]
	at org.eclipse.m2e.core.internal.embedder.MavenExecutionContext.execute(MavenExecutionContext.java:137) ~[org.eclipse.m2e.core_1.4.0.20130601-0317.jar:na]
	at org.eclipse.m2e.core.internal.embedder.MavenExecutionContext.execute(MavenExecutionContext.java:89) ~[org.eclipse.m2e.core_1.4.0.20130601-0317.jar:na]
	at org.eclipse.m2e.core.internal.project.registry.ProjectRegistryManager.execute(ProjectRegistryManager.java:897) ~[org.eclipse.m2e.core_1.4.0.20130601-0317.jar:na]
	at org.eclipse.m2e.core.internal.project.registry.ProjectRegistryManager.readMavenProjectFacade(ProjectRegistryManager.java:653) ~[org.eclipse.m2e.core_1.4.0.20130601-0317.jar:na]
	at org.eclipse.m2e.core.internal.project.registry.ProjectRegistryManager.refresh(ProjectRegistryManager.java:374) ~[org.eclipse.m2e.core_1.4.0.20130601-0317.jar:na]
	at org.eclipse.m2e.core.internal.project.registry.ProjectRegistryManager.refresh(ProjectRegistryManager.java:334) ~[org.eclipse.m2e.core_1.4.0.20130601-0317.jar:na]
	at org.eclipse.m2e.core.internal.project.registry.ProjectRegistryRefreshJob$1.call(ProjectRegistryRefreshJob.java:92) ~[org.eclipse.m2e.core_1.4.0.20130601-0317.jar:na]
	at org.eclipse.m2e.core.internal.project.registry.ProjectRegistryRefreshJob$1.call(ProjectRegistryRefreshJob.java:1) ~[org.eclipse.m2e.core_1.4.0.20130601-0317.jar:na]
	at org.eclipse.m2e.core.internal.embedder.MavenExecutionContext.executeBare(MavenExecutionContext.java:161) ~[org.eclipse.m2e.core_1.4.0.20130601-0317.jar:na]
	at org.eclipse.m2e.core.internal.embedder.MavenExecutionContext.execute(MavenExecutionContext.java:137) ~[org.eclipse.m2e.core_1.4.0.20130601-0317.jar:na]
	at org.eclipse.m2e.core.internal.embedder.MavenExecutionContext.execute(MavenExecutionContext.java:89) ~[org.eclipse.m2e.core_1.4.0.20130601-0317.jar:na]
	at org.eclipse.m2e.core.internal.embedder.MavenImpl.execute(MavenImpl.java:1301) ~[org.eclipse.m2e.core_1.4.0.20130601-0317.jar:na]
	at org.eclipse.m2e.core.internal.project.registry.ProjectRegistryRefreshJob.run(ProjectRegistryRefreshJob.java:90) ~[org.eclipse.m2e.core_1.4.0.20130601-0317.jar:na]
	at org.eclipse.core.internal.jobs.Worker.run(Worker.java:53) ~[org.eclipse.core.jobs_3.5.300.v20130429-1813.jar:na]
2013-09-13 22:29:58,867 [Worker-5] INFO  o.e.m.c.i.l.LifecycleMappingFactory - Using org.eclipse.m2e.jdt.JarLifecycleMapping lifecycle mapping for MavenProject: com.tradespeople:tradespeople-api:1.0.0-SNAPSHOT @ C:\dev\git\tradespeople\tradespeople-api\pom.xml.
2013-09-13 22:30:09,378 [Worker-5] INFO  o.e.m.c.i.l.LifecycleMappingFactory - Using org.eclipse.m2e.jdt.JarLifecycleMapping lifecycle mapping for MavenProject: com.tradespeople:tradespeople-dao:1.0.0-SNAPSHOT @ C:\dev\git\tradespeople\tradespeople-dao\pom.xml.
2013-09-13 22:30:09,519 [Worker-5] INFO  o.e.m.c.i.l.LifecycleMappingFactory - Using org.eclipse.m2e.jdt.JarLifecycleMapping lifecycle mapping for MavenProject: com.tradespeople:tradespeople-service:1.0.0-SNAPSHOT @ C:\dev\git\tradespeople\tradespeople-service\pom.xml.
2013-09-13 22:30:09,646 [Worker-5] INFO  o.e.m.c.i.l.LifecycleMappingFactory - Using org.eclipse.m2e.jdt.JarLifecycleMapping lifecycle mapping for MavenProject: com.tradespeople:tradespeople-webservice:1.0.0-SNAPSHOT @ C:\dev\git\tradespeople\tradespeople-webservice\pom.xml.
2013-09-13 22:30:09,761 [Worker-5] INFO  o.e.m.c.i.l.LifecycleMappingFactory - Using org.eclipse.m2e.jdt.JarLifecycleMapping lifecycle mapping for MavenProject: com.tradespeople:tradespeople-grid:1.0.0-SNAPSHOT @ C:\dev\git\tradespeople\tradespeople-grid\pom.xml.
2013-09-13 22:30:12,178 [Worker-4] INFO  o.e.m.c.i.l.LifecycleMappingFactory - Using org.eclipse.m2e.jdt.JarLifecycleMapping lifecycle mapping for MavenProject: com.tradespeople:tradespeople-api:1.0.0-SNAPSHOT @ C:\dev\git\tradespeople\tradespeople-api\pom.xml.
2013-09-13 22:30:12,179 [Worker-5] INFO  o.e.m.j.i.AbstractJavaProjectConfigurator - Adding source folder /tradespeople-api/src/main/java
2013-09-13 22:30:12,179 [Worker-5] INFO  o.e.m.j.i.AbstractJavaProjectConfigurator - Resources folder /tradespeople-api/src/main/resources overlaps with sources folder /tradespeople-api/src/main/resources
2013-09-13 22:30:12,179 [Worker-5] INFO  o.e.m.j.i.AbstractJavaProjectConfigurator - Adding source folder /tradespeople-api/src/test/java
2013-09-13 22:30:12,480 [Worker-5] INFO  o.e.m.j.i.AbstractJavaProjectConfigurator - Adding source folder /tradespeople-grid/src/main/java
2013-09-13 22:30:12,480 [Worker-5] INFO  o.e.m.j.i.AbstractJavaProjectConfigurator - Adding source folder /tradespeople-grid/src/test/java
2013-09-13 22:30:12,657 [Worker-5] INFO  o.e.m.j.i.AbstractJavaProjectConfigurator - Adding source folder /tradespeople-dao/src/main/java
2013-09-13 22:30:12,657 [Worker-5] INFO  o.e.m.j.i.AbstractJavaProjectConfigurator - Adding source folder /tradespeople-dao/src/test/java
2013-09-13 22:30:12,669 [Worker-4] INFO  o.e.m.c.i.l.LifecycleMappingFactory - Using org.eclipse.m2e.jdt.JarLifecycleMapping lifecycle mapping for MavenProject: com.tradespeople:tradespeople-dao:1.0.0-SNAPSHOT @ C:\dev\git\tradespeople\tradespeople-dao\pom.xml.
2013-09-13 22:30:12,868 [Worker-5] INFO  o.e.m.j.i.AbstractJavaProjectConfigurator - Adding source folder /tradespeople-service/src/main/java
2013-09-13 22:30:12,868 [Worker-5] INFO  o.e.m.j.i.AbstractJavaProjectConfigurator - Adding source folder /tradespeople-service/src/test/java
2013-09-13 22:30:13,060 [Worker-5] INFO  o.e.m.j.i.AbstractJavaProjectConfigurator - Adding source folder /tradespeople-webservice/src/main/java
2013-09-13 22:30:13,061 [Worker-5] INFO  o.e.m.j.i.AbstractJavaProjectConfigurator - Adding resource folder /tradespeople-webservice/src/main/resources
2013-09-13 22:30:13,061 [Worker-5] INFO  o.e.m.j.i.AbstractJavaProjectConfigurator - Adding source folder /tradespeople-webservice/src/test/java
2013-09-13 22:30:13,061 [Worker-5] INFO  o.e.m.j.i.AbstractJavaProjectConfigurator - Adding resource folder /tradespeople-webservice/src/test/resources
2013-09-13 22:30:13,126 [Worker-4] INFO  o.e.m.c.i.l.LifecycleMappingFactory - Using org.eclipse.m2e.jdt.JarLifecycleMapping lifecycle mapping for MavenProject: com.tradespeople:tradespeople-service:1.0.0-SNAPSHOT @ C:\dev\git\tradespeople\tradespeople-service\pom.xml.
2013-09-13 22:30:13,256 [Worker-5] INFO  o.e.m.c.i.p.ProjectConfigurationManager - Project import completed 16 sec
2013-09-13 22:30:14,277 [Worker-4] INFO  o.e.m.c.i.l.LifecycleMappingFactory - Using org.eclipse.m2e.jdt.JarLifecycleMapping lifecycle mapping for MavenProject: com.tradespeople:tradespeople-webservice:1.0.0-SNAPSHOT @ C:\dev\git\tradespeople\tradespeople-webservice\pom.xml.
2013-09-13 22:30:14,322 [Worker-11] INFO  o.e.m.c.i.p.ProjectConfigurationManager - Update started
2013-09-13 22:30:14,324 [Worker-11] INFO  o.e.m.c.i.p.ProjectConfigurationManager - Update completed: 0 sec
2013-09-13 22:30:15,524 [Worker-14] INFO  o.e.m.c.i.l.LifecycleMappingFactory - Using org.eclipse.m2e.jdt.JarLifecycleMapping lifecycle mapping for MavenProject: com.tradespeople:tradespeople-api:1.0.0-SNAPSHOT @ C:\dev\git\tradespeople\tradespeople-api\pom.xml.
2013-09-13 22:30:16,309 [Worker-14] INFO  o.e.m.c.i.embedder.EclipseLogger - Using 'UTF-8' encoding to copy filtered resources.
2013-09-13 22:30:16,312 [Worker-14] INFO  o.e.m.c.i.embedder.EclipseLogger - Copying 0 resource
2013-09-13 22:30:16,314 [Worker-14] INFO  o.e.m.c.i.embedder.EclipseLogger - Using 'UTF-8' encoding to copy filtered resources.
2013-09-13 22:30:16,315 [Worker-14] INFO  o.e.m.c.i.embedder.EclipseLogger - skip non existing resourceDirectory C:\dev\git\tradespeople\tradespeople-api\src\test\resources
2013-09-13 22:30:16,347 [Worker-14] INFO  o.e.m.c.i.l.LifecycleMappingFactory - Using org.eclipse.m2e.jdt.JarLifecycleMapping lifecycle mapping for MavenProject: com.tradespeople:tradespeople-dao:1.0.0-SNAPSHOT @ C:\dev\git\tradespeople\tradespeople-dao\pom.xml.
2013-09-13 22:30:17,059 [Worker-14] INFO  o.e.m.c.i.embedder.EclipseLogger - Using 'UTF-8' encoding to copy filtered resources.
2013-09-13 22:30:17,059 [Worker-14] INFO  o.e.m.c.i.embedder.EclipseLogger - skip non existing resourceDirectory C:\dev\git\tradespeople\tradespeople-dao\src\main\resources
2013-09-13 22:30:17,060 [Worker-14] INFO  o.e.m.c.i.embedder.EclipseLogger - Using 'UTF-8' encoding to copy filtered resources.
2013-09-13 22:30:17,060 [Worker-14] INFO  o.e.m.c.i.embedder.EclipseLogger - skip non existing resourceDirectory C:\dev\git\tradespeople\tradespeople-dao\src\test\resources
2013-09-13 22:30:17,067 [Worker-14] INFO  o.e.m.c.i.embedder.EclipseLogger - Using 'UTF-8' encoding to copy filtered resources.
2013-09-13 22:30:17,067 [Worker-14] INFO  o.e.m.c.i.embedder.EclipseLogger - skip non existing resourceDirectory C:\dev\git\tradespeople\tradespeople-grid\src\main\resources
2013-09-13 22:30:17,069 [Worker-14] INFO  o.e.m.c.i.embedder.EclipseLogger - Using 'UTF-8' encoding to copy filtered resources.
2013-09-13 22:30:17,069 [Worker-14] INFO  o.e.m.c.i.embedder.EclipseLogger - skip non existing resourceDirectory C:\dev\git\tradespeople\tradespeople-grid\src\test\resources
2013-09-13 22:30:17,107 [Worker-14] INFO  o.e.m.c.i.l.LifecycleMappingFactory - Using org.eclipse.m2e.jdt.JarLifecycleMapping lifecycle mapping for MavenProject: com.tradespeople:tradespeople-service:1.0.0-SNAPSHOT @ C:\dev\git\tradespeople\tradespeople-service\pom.xml.
2013-09-13 22:30:17,853 [Worker-14] INFO  o.e.m.c.i.embedder.EclipseLogger - Using 'UTF-8' encoding to copy filtered resources.
2013-09-13 22:30:17,853 [Worker-14] INFO  o.e.m.c.i.embedder.EclipseLogger - skip non existing resourceDirectory C:\dev\git\tradespeople\tradespeople-service\src\main\resources
2013-09-13 22:30:17,854 [Worker-14] INFO  o.e.m.c.i.embedder.EclipseLogger - Using 'UTF-8' encoding to copy filtered resources.
2013-09-13 22:30:17,854 [Worker-14] INFO  o.e.m.c.i.embedder.EclipseLogger - skip non existing resourceDirectory C:\dev\git\tradespeople\tradespeople-service\src\test\resources
2013-09-13 22:30:17,890 [Worker-14] INFO  o.e.m.c.i.l.LifecycleMappingFactory - Using org.eclipse.m2e.jdt.JarLifecycleMapping lifecycle mapping for MavenProject: com.tradespeople:tradespeople-webservice:1.0.0-SNAPSHOT @ C:\dev\git\tradespeople\tradespeople-webservice\pom.xml.
2013-09-13 22:30:18,537 [Worker-14] INFO  o.e.m.c.i.embedder.EclipseLogger - Using 'UTF-8' encoding to copy filtered resources.
2013-09-13 22:30:18,537 [Worker-14] INFO  o.e.m.c.i.embedder.EclipseLogger - Copying 1 resource
2013-09-13 22:30:18,544 [Worker-14] INFO  o.e.m.c.i.embedder.EclipseLogger - Using 'UTF-8' encoding to copy filtered resources.
2013-09-13 22:30:18,545 [Worker-14] INFO  o.e.m.c.i.embedder.EclipseLogger - Copying 0 resource
2013-09-13 22:30:19,197 [Worker-9] INFO  o.e.m.c.i.l.LifecycleMappingFactory - Using org.eclipse.m2e.jdt.JarLifecycleMapping lifecycle mapping for MavenProject: com.tradespeople:tradespeople-api:1.0.0-SNAPSHOT @ C:\dev\git\tradespeople\tradespeople-api\pom.xml.
2013-09-13 22:30:19,671 [Worker-9] INFO  o.e.m.c.i.l.LifecycleMappingFactory - Using org.eclipse.m2e.jdt.JarLifecycleMapping lifecycle mapping for MavenProject: com.tradespeople:tradespeople-dao:1.0.0-SNAPSHOT @ C:\dev\git\tradespeople\tradespeople-dao\pom.xml.
2013-09-13 22:30:20,096 [Worker-9] INFO  o.e.m.c.i.l.LifecycleMappingFactory - Using org.eclipse.m2e.jdt.JarLifecycleMapping lifecycle mapping for MavenProject: com.tradespeople:tradespeople-service:1.0.0-SNAPSHOT @ C:\dev\git\tradespeople\tradespeople-service\pom.xml.
2013-09-13 22:30:20,410 [Worker-9] INFO  o.e.m.c.i.l.LifecycleMappingFactory - Using org.eclipse.m2e.jdt.JarLifecycleMapping lifecycle mapping for MavenProject: com.tradespeople:tradespeople-webservice:1.0.0-SNAPSHOT @ C:\dev\git\tradespeople\tradespeople-webservice\pom.xml.
2013-09-13 22:30:20,699 [Worker-9] INFO  o.e.m.c.i.l.LifecycleMappingFactory - Using org.eclipse.m2e.jdt.JarLifecycleMapping lifecycle mapping for MavenProject: com.tradespeople:tradespeople-grid:1.0.0-SNAPSHOT @ C:\dev\git\tradespeople\tradespeople-grid\pom.xml.
2013-09-13 22:30:30,083 [Worker-8] INFO  o.e.m.c.i.embedder.EclipseLogger - Using 'UTF-8' encoding to copy filtered resources.
2013-09-13 22:30:30,085 [Worker-8] INFO  o.e.m.c.i.embedder.EclipseLogger - Copying 0 resource
2013-09-13 22:30:30,087 [Worker-8] INFO  o.e.m.c.i.embedder.EclipseLogger - Using 'UTF-8' encoding to copy filtered resources.
2013-09-13 22:30:30,087 [Worker-8] INFO  o.e.m.c.i.embedder.EclipseLogger - skip non existing resourceDirectory C:\dev\git\tradespeople\tradespeople-api\src\test\resources
2013-09-13 22:30:30,098 [Worker-8] INFO  o.e.m.c.i.embedder.EclipseLogger - Using 'UTF-8' encoding to copy filtered resources.
2013-09-13 22:30:30,098 [Worker-8] INFO  o.e.m.c.i.embedder.EclipseLogger - skip non existing resourceDirectory C:\dev\git\tradespeople\tradespeople-dao\src\main\resources
2013-09-13 22:30:30,099 [Worker-8] INFO  o.e.m.c.i.embedder.EclipseLogger - Using 'UTF-8' encoding to copy filtered resources.
2013-09-13 22:30:30,099 [Worker-8] INFO  o.e.m.c.i.embedder.EclipseLogger - skip non existing resourceDirectory C:\dev\git\tradespeople\tradespeople-dao\src\test\resources
2013-09-13 22:30:30,122 [Worker-8] INFO  o.e.m.c.i.embedder.EclipseLogger - Using 'UTF-8' encoding to copy filtered resources.
2013-09-13 22:30:30,123 [Worker-8] INFO  o.e.m.c.i.embedder.EclipseLogger - skip non existing resourceDirectory C:\dev\git\tradespeople\tradespeople-grid\src\main\resources
2013-09-13 22:30:30,125 [Worker-8] INFO  o.e.m.c.i.embedder.EclipseLogger - Using 'UTF-8' encoding to copy filtered resources.
2013-09-13 22:30:30,125 [Worker-8] INFO  o.e.m.c.i.embedder.EclipseLogger - skip non existing resourceDirectory C:\dev\git\tradespeople\tradespeople-grid\src\test\resources
2013-09-13 22:30:30,135 [Worker-8] INFO  o.e.m.c.i.embedder.EclipseLogger - Using 'UTF-8' encoding to copy filtered resources.
2013-09-13 22:30:30,135 [Worker-8] INFO  o.e.m.c.i.embedder.EclipseLogger - skip non existing resourceDirectory C:\dev\git\tradespeople\tradespeople-service\src\main\resources
2013-09-13 22:30:30,136 [Worker-8] INFO  o.e.m.c.i.embedder.EclipseLogger - Using 'UTF-8' encoding to copy filtered resources.
2013-09-13 22:30:30,136 [Worker-8] INFO  o.e.m.c.i.embedder.EclipseLogger - skip non existing resourceDirectory C:\dev\git\tradespeople\tradespeople-service\src\test\resources
2013-09-13 22:30:30,148 [Worker-8] INFO  o.e.m.c.i.embedder.EclipseLogger - Using 'UTF-8' encoding to copy filtered resources.
2013-09-13 22:30:30,148 [Worker-8] INFO  o.e.m.c.i.embedder.EclipseLogger - Copying 0 resource
2013-09-13 22:30:30,150 [Worker-8] INFO  o.e.m.c.i.embedder.EclipseLogger - Using 'UTF-8' encoding to copy filtered resources.
2013-09-13 22:30:30,151 [Worker-8] INFO  o.e.m.c.i.embedder.EclipseLogger - Copying 0 resource
2013-09-13 22:30:45,224 [Worker-12] INFO  o.e.m.c.i.l.LifecycleMappingFactory - Using org.maven.ide.eclipse.wtp.WarLifecycleMapping lifecycle mapping for MavenProject: com.tradespeople:tradespeople-web:1.0.0-SNAPSHOT @ C:\dev\git\tradespeople\tradespeople-web\pom.xml.
2013-09-13 22:30:46,600 [Worker-12] INFO  o.e.m.j.i.AbstractJavaProjectConfigurator - Adding source folder /tradespeople-web/src/main/java
2013-09-13 22:30:46,600 [Worker-12] INFO  o.e.m.j.i.AbstractJavaProjectConfigurator - Adding resource folder /tradespeople-web/src/main/resources
2013-09-13 22:30:46,600 [Worker-12] INFO  o.e.m.j.i.AbstractJavaProjectConfigurator - Adding source folder /tradespeople-web/src/test/java
2013-09-13 22:30:47,108 [Worker-12] INFO  o.e.m.c.i.p.ProjectConfigurationManager - Project import completed 2 sec
2013-09-13 22:30:47,253 [Worker-10] INFO  o.e.m.c.i.l.LifecycleMappingFactory - Using org.maven.ide.eclipse.wtp.WarLifecycleMapping lifecycle mapping for MavenProject: com.tradespeople:tradespeople-web:1.0.0-SNAPSHOT @ C:\dev\git\tradespeople\tradespeople-web\pom.xml.
2013-09-13 22:30:47,415 [Worker-11] INFO  o.e.m.c.i.p.ProjectConfigurationManager - Update started
2013-09-13 22:30:47,417 [Worker-11] INFO  o.e.m.c.i.p.ProjectConfigurationManager - Update completed: 0 sec
2013-09-13 22:30:48,764 [Worker-12] INFO  o.e.m.c.i.l.LifecycleMappingFactory - Using org.maven.ide.eclipse.wtp.WarLifecycleMapping lifecycle mapping for MavenProject: com.tradespeople:tradespeople-web:1.0.0-SNAPSHOT @ C:\dev\git\tradespeople\tradespeople-web\pom.xml.
2013-09-13 22:30:50,248 [Worker-12] INFO  o.e.m.c.i.embedder.EclipseLogger - Using 'UTF-8' encoding to copy filtered resources.
2013-09-13 22:30:50,249 [Worker-12] INFO  o.e.m.c.i.embedder.EclipseLogger - Copying 3 resources
2013-09-13 22:30:50,251 [Worker-12] INFO  o.e.m.c.i.embedder.EclipseLogger - Using 'UTF-8' encoding to copy filtered resources.
2013-09-13 22:30:50,251 [Worker-12] INFO  o.e.m.c.i.embedder.EclipseLogger - skip non existing resourceDirectory C:\dev\git\tradespeople\tradespeople-web\src\test\resources
2013-09-13 22:30:50,656 [Worker-9] INFO  o.e.m.c.i.l.LifecycleMappingFactory - Using org.maven.ide.eclipse.wtp.WarLifecycleMapping lifecycle mapping for MavenProject: com.tradespeople:tradespeople-web:1.0.0-SNAPSHOT @ C:\dev\git\tradespeople\tradespeople-web\pom.xml.
2013-09-13 22:31:13,703 [Worker-13] INFO  o.e.m.c.i.embedder.EclipseLogger - Using 'UTF-8' encoding to copy filtered resources.
2013-09-13 22:31:13,703 [Worker-13] INFO  o.e.m.c.i.embedder.EclipseLogger - Copying 0 resource
2013-09-13 22:31:13,705 [Worker-13] INFO  o.e.m.c.i.embedder.EclipseLogger - Using 'UTF-8' encoding to copy filtered resources.
2013-09-13 22:31:13,706 [Worker-13] INFO  o.e.m.c.i.embedder.EclipseLogger - skip non existing resourceDirectory C:\dev\git\tradespeople\tradespeople-web\src\test\resources
2013-09-13 22:31:37,459 [Worker-10] INFO  o.e.m.c.i.p.ProjectConfigurationManager - Update started
2013-09-13 22:31:37,673 [Worker-10] INFO  o.e.m.c.i.l.LifecycleMappingFactory - Using org.eclipse.m2e.jdt.JarLifecycleMapping lifecycle mapping for MavenProject: com.tradespeople:tradespeople-api:1.0.0-SNAPSHOT @ C:\dev\git\tradespeople\tradespeople-api\pom.xml.
2013-09-13 22:31:38,007 [Worker-10] INFO  o.e.m.c.i.l.LifecycleMappingFactory - Using org.eclipse.m2e.jdt.JarLifecycleMapping lifecycle mapping for MavenProject: com.tradespeople:tradespeople-dao:1.0.0-SNAPSHOT @ C:\dev\git\tradespeople\tradespeople-dao\pom.xml.
2013-09-13 22:31:38,080 [Worker-10] INFO  o.e.m.c.i.l.LifecycleMappingFactory - Using org.eclipse.m2e.jdt.JarLifecycleMapping lifecycle mapping for MavenProject: com.tradespeople:tradespeople-grid:1.0.0-SNAPSHOT @ C:\dev\git\tradespeople\tradespeople-grid\pom.xml.
2013-09-13 22:31:38,160 [Worker-10] INFO  o.e.m.c.i.l.LifecycleMappingFactory - Using org.eclipse.m2e.jdt.JarLifecycleMapping lifecycle mapping for MavenProject: com.tradespeople:tradespeople-service:1.0.0-SNAPSHOT @ C:\dev\git\tradespeople\tradespeople-service\pom.xml.
2013-09-13 22:31:38,231 [Worker-10] INFO  o.e.m.c.i.l.LifecycleMappingFactory - Using org.maven.ide.eclipse.wtp.WarLifecycleMapping lifecycle mapping for MavenProject: com.tradespeople:tradespeople-web:1.0.0-SNAPSHOT @ C:\dev\git\tradespeople\tradespeople-web\pom.xml.
2013-09-13 22:31:38,305 [Worker-10] INFO  o.e.m.c.i.l.LifecycleMappingFactory - Using org.eclipse.m2e.jdt.JarLifecycleMapping lifecycle mapping for MavenProject: com.tradespeople:tradespeople-webservice:1.0.0-SNAPSHOT @ C:\dev\git\tradespeople\tradespeople-webservice\pom.xml.
2013-09-13 22:31:39,345 [Worker-10] INFO  o.e.m.j.i.AbstractJavaProjectConfigurator - Adding source folder /tradespeople-api/src/main/java
2013-09-13 22:31:39,345 [Worker-10] INFO  o.e.m.j.i.AbstractJavaProjectConfigurator - Resources folder /tradespeople-api/src/main/resources overlaps with sources folder /tradespeople-api/src/main/resources
2013-09-13 22:31:39,346 [Worker-10] INFO  o.e.m.j.i.AbstractJavaProjectConfigurator - Adding source folder /tradespeople-api/src/test/java
2013-09-13 22:31:39,518 [Worker-10] INFO  o.e.m.j.i.AbstractJavaProjectConfigurator - Adding source folder /tradespeople-dao/src/main/java
2013-09-13 22:31:39,518 [Worker-10] INFO  o.e.m.j.i.AbstractJavaProjectConfigurator - Adding source folder /tradespeople-dao/src/test/java
2013-09-13 22:31:39,665 [Worker-10] INFO  o.e.m.j.i.AbstractJavaProjectConfigurator - Adding source folder /tradespeople-grid/src/main/java
2013-09-13 22:31:39,665 [Worker-10] INFO  o.e.m.j.i.AbstractJavaProjectConfigurator - Adding source folder /tradespeople-grid/src/test/java
2013-09-13 22:31:39,761 [Worker-10] INFO  o.e.m.j.i.AbstractJavaProjectConfigurator - Adding source folder /tradespeople-service/src/main/java
2013-09-13 22:31:39,761 [Worker-10] INFO  o.e.m.j.i.AbstractJavaProjectConfigurator - Adding source folder /tradespeople-service/src/test/java
2013-09-13 22:31:39,911 [Worker-10] INFO  o.e.m.j.i.AbstractJavaProjectConfigurator - Adding source folder /tradespeople-web/src/main/java
2013-09-13 22:31:39,912 [Worker-10] INFO  o.e.m.j.i.AbstractJavaProjectConfigurator - Adding resource folder /tradespeople-web/src/main/resources
2013-09-13 22:31:39,912 [Worker-10] INFO  o.e.m.j.i.AbstractJavaProjectConfigurator - Adding source folder /tradespeople-web/src/test/java
2013-09-13 22:31:40,069 [Worker-10] INFO  o.e.m.j.i.AbstractJavaProjectConfigurator - Adding source folder /tradespeople-webservice/src/main/java
2013-09-13 22:31:40,069 [Worker-10] INFO  o.e.m.j.i.AbstractJavaProjectConfigurator - Adding resource folder /tradespeople-webservice/src/main/resources
2013-09-13 22:31:40,069 [Worker-10] INFO  o.e.m.j.i.AbstractJavaProjectConfigurator - Adding source folder /tradespeople-webservice/src/test/java
2013-09-13 22:31:40,069 [Worker-10] INFO  o.e.m.j.i.AbstractJavaProjectConfigurator - Adding resource folder /tradespeople-webservice/src/test/resources
2013-09-13 22:31:40,752 [Worker-10] INFO  o.e.m.w.i.f.ResourceFilteringBuildParticipant - Cleaning filtered folder for tradespeople-web
2013-09-13 22:31:40,798 [Worker-10] INFO  o.e.m.c.i.p.ProjectConfigurationManager - Update completed: 3 sec
2013-09-13 22:31:41,018 [Worker-10] INFO  o.e.m.c.i.l.LifecycleMappingFactory - Using org.eclipse.m2e.jdt.JarLifecycleMapping lifecycle mapping for MavenProject: com.tradespeople:tradespeople-api:1.0.0-SNAPSHOT @ C:\dev\git\tradespeople\tradespeople-api\pom.xml.
2013-09-13 22:31:41,516 [Worker-10] INFO  o.e.m.c.i.embedder.EclipseLogger - Using 'UTF-8' encoding to copy filtered resources.
2013-09-13 22:31:41,516 [Worker-10] INFO  o.e.m.c.i.embedder.EclipseLogger - Copying 0 resource
2013-09-13 22:31:41,518 [Worker-10] INFO  o.e.m.c.i.embedder.EclipseLogger - Using 'UTF-8' encoding to copy filtered resources.
2013-09-13 22:31:41,518 [Worker-10] INFO  o.e.m.c.i.embedder.EclipseLogger - skip non existing resourceDirectory C:\dev\git\tradespeople\tradespeople-api\src\test\resources
2013-09-13 22:31:41,563 [Worker-10] INFO  o.e.m.c.i.l.LifecycleMappingFactory - Using org.eclipse.m2e.jdt.JarLifecycleMapping lifecycle mapping for MavenProject: com.tradespeople:tradespeople-dao:1.0.0-SNAPSHOT @ C:\dev\git\tradespeople\tradespeople-dao\pom.xml.
2013-09-13 22:31:41,991 [Worker-10] INFO  o.e.m.c.i.embedder.EclipseLogger - Using 'UTF-8' encoding to copy filtered resources.
2013-09-13 22:31:41,992 [Worker-10] INFO  o.e.m.c.i.embedder.EclipseLogger - skip non existing resourceDirectory C:\dev\git\tradespeople\tradespeople-dao\src\main\resources
2013-09-13 22:31:41,993 [Worker-10] INFO  o.e.m.c.i.embedder.EclipseLogger - Using 'UTF-8' encoding to copy filtered resources.
2013-09-13 22:31:41,993 [Worker-10] INFO  o.e.m.c.i.embedder.EclipseLogger - skip non existing resourceDirectory C:\dev\git\tradespeople\tradespeople-dao\src\test\resources
2013-09-13 22:31:42,000 [Worker-10] INFO  o.e.m.c.i.embedder.EclipseLogger - Using 'UTF-8' encoding to copy filtered resources.
2013-09-13 22:31:42,000 [Worker-10] INFO  o.e.m.c.i.embedder.EclipseLogger - skip non existing resourceDirectory C:\dev\git\tradespeople\tradespeople-grid\src\main\resources
2013-09-13 22:31:42,001 [Worker-10] INFO  o.e.m.c.i.embedder.EclipseLogger - Using 'UTF-8' encoding to copy filtered resources.
2013-09-13 22:31:42,001 [Worker-10] INFO  o.e.m.c.i.embedder.EclipseLogger - skip non existing resourceDirectory C:\dev\git\tradespeople\tradespeople-grid\src\test\resources
2013-09-13 22:31:42,047 [Worker-10] INFO  o.e.m.c.i.l.LifecycleMappingFactory - Using org.eclipse.m2e.jdt.JarLifecycleMapping lifecycle mapping for MavenProject: com.tradespeople:tradespeople-service:1.0.0-SNAPSHOT @ C:\dev\git\tradespeople\tradespeople-service\pom.xml.
2013-09-13 22:31:42,499 [Worker-10] INFO  o.e.m.c.i.embedder.EclipseLogger - Using 'UTF-8' encoding to copy filtered resources.
2013-09-13 22:31:42,499 [Worker-10] INFO  o.e.m.c.i.embedder.EclipseLogger - skip non existing resourceDirectory C:\dev\git\tradespeople\tradespeople-service\src\main\resources
2013-09-13 22:31:42,501 [Worker-10] INFO  o.e.m.c.i.embedder.EclipseLogger - Using 'UTF-8' encoding to copy filtered resources.
2013-09-13 22:31:42,501 [Worker-10] INFO  o.e.m.c.i.embedder.EclipseLogger - skip non existing resourceDirectory C:\dev\git\tradespeople\tradespeople-service\src\test\resources
2013-09-13 22:31:42,566 [Worker-10] INFO  o.e.m.c.i.l.LifecycleMappingFactory - Using org.eclipse.m2e.jdt.JarLifecycleMapping lifecycle mapping for MavenProject: com.tradespeople:tradespeople-webservice:1.0.0-SNAPSHOT @ C:\dev\git\tradespeople\tradespeople-webservice\pom.xml.
2013-09-13 22:31:43,024 [Worker-10] INFO  o.e.m.c.i.embedder.EclipseLogger - Using 'UTF-8' encoding to copy filtered resources.
2013-09-13 22:31:43,024 [Worker-10] INFO  o.e.m.c.i.embedder.EclipseLogger - Copying 1 resource
2013-09-13 22:31:43,029 [Worker-10] INFO  o.e.m.c.i.embedder.EclipseLogger - Using 'UTF-8' encoding to copy filtered resources.
2013-09-13 22:31:43,030 [Worker-10] INFO  o.e.m.c.i.embedder.EclipseLogger - Copying 0 resource
2013-09-13 22:31:43,069 [Worker-10] INFO  o.e.m.c.i.l.LifecycleMappingFactory - Using org.maven.ide.eclipse.wtp.WarLifecycleMapping lifecycle mapping for MavenProject: com.tradespeople:tradespeople-web:1.0.0-SNAPSHOT @ C:\dev\git\tradespeople\tradespeople-web\pom.xml.
2013-09-13 22:31:44,791 [Worker-10] INFO  o.e.m.c.i.embedder.EclipseLogger - Using 'UTF-8' encoding to copy filtered resources.
2013-09-13 22:31:44,792 [Worker-10] INFO  o.e.m.c.i.embedder.EclipseLogger - Copying 3 resources
2013-09-13 22:31:44,825 [Worker-10] INFO  o.e.m.c.i.embedder.EclipseLogger - Using 'UTF-8' encoding to copy filtered resources.
2013-09-13 22:31:44,825 [Worker-10] INFO  o.e.m.c.i.embedder.EclipseLogger - skip non existing resourceDirectory C:\dev\git\tradespeople\tradespeople-web\src\test\resources
2013-09-13 22:32:18,242 [Worker-9] INFO  o.e.m.w.i.f.ResourceFilteringBuildParticipant - Cleaning filtered folder for tradespeople-web
2013-09-13 22:32:18,427 [Worker-3] INFO  o.e.m.c.i.embedder.EclipseLogger - Using 'UTF-8' encoding to copy filtered resources.
2013-09-13 22:32:18,429 [Worker-3] INFO  o.e.m.c.i.embedder.EclipseLogger - Copying 0 resource
2013-09-13 22:32:18,431 [Worker-3] INFO  o.e.m.c.i.embedder.EclipseLogger - Using 'UTF-8' encoding to copy filtered resources.
2013-09-13 22:32:18,432 [Worker-3] INFO  o.e.m.c.i.embedder.EclipseLogger - skip non existing resourceDirectory C:\dev\git\tradespeople\tradespeople-api\src\test\resources
2013-09-13 22:32:18,459 [Worker-3] INFO  o.e.m.c.i.embedder.EclipseLogger - Using 'UTF-8' encoding to copy filtered resources.
2013-09-13 22:32:18,459 [Worker-3] INFO  o.e.m.c.i.embedder.EclipseLogger - skip non existing resourceDirectory C:\dev\git\tradespeople\tradespeople-dao\src\main\resources
2013-09-13 22:32:18,460 [Worker-3] INFO  o.e.m.c.i.embedder.EclipseLogger - Using 'UTF-8' encoding to copy filtered resources.
2013-09-13 22:32:18,461 [Worker-3] INFO  o.e.m.c.i.embedder.EclipseLogger - skip non existing resourceDirectory C:\dev\git\tradespeople\tradespeople-dao\src\test\resources
2013-09-13 22:32:18,479 [Worker-3] INFO  o.e.m.c.i.embedder.EclipseLogger - Using 'UTF-8' encoding to copy filtered resources.
2013-09-13 22:32:18,479 [Worker-3] INFO  o.e.m.c.i.embedder.EclipseLogger - skip non existing resourceDirectory C:\dev\git\tradespeople\tradespeople-grid\src\main\resources
2013-09-13 22:32:18,481 [Worker-3] INFO  o.e.m.c.i.embedder.EclipseLogger - Using 'UTF-8' encoding to copy filtered resources.
2013-09-13 22:32:18,481 [Worker-3] INFO  o.e.m.c.i.embedder.EclipseLogger - skip non existing resourceDirectory C:\dev\git\tradespeople\tradespeople-grid\src\test\resources
2013-09-13 22:32:18,490 [Worker-3] INFO  o.e.m.c.i.embedder.EclipseLogger - Using 'UTF-8' encoding to copy filtered resources.
2013-09-13 22:32:18,490 [Worker-3] INFO  o.e.m.c.i.embedder.EclipseLogger - skip non existing resourceDirectory C:\dev\git\tradespeople\tradespeople-service\src\main\resources
2013-09-13 22:32:18,492 [Worker-3] INFO  o.e.m.c.i.embedder.EclipseLogger - Using 'UTF-8' encoding to copy filtered resources.
2013-09-13 22:32:18,492 [Worker-3] INFO  o.e.m.c.i.embedder.EclipseLogger - skip non existing resourceDirectory C:\dev\git\tradespeople\tradespeople-service\src\test\resources
2013-09-13 22:32:18,541 [Worker-3] INFO  o.e.m.c.i.embedder.EclipseLogger - Using 'UTF-8' encoding to copy filtered resources.
2013-09-13 22:32:18,542 [Worker-3] INFO  o.e.m.c.i.embedder.EclipseLogger - Copying 1 resource
2013-09-13 22:32:18,545 [Worker-3] INFO  o.e.m.c.i.embedder.EclipseLogger - Using 'UTF-8' encoding to copy filtered resources.
2013-09-13 22:32:18,546 [Worker-3] INFO  o.e.m.c.i.embedder.EclipseLogger - Copying 0 resource
2013-09-13 22:32:18,576 [Worker-3] INFO  o.e.m.c.i.embedder.EclipseLogger - Using 'UTF-8' encoding to copy filtered resources.
2013-09-13 22:32:18,577 [Worker-3] INFO  o.e.m.c.i.embedder.EclipseLogger - Copying 3 resources
2013-09-13 22:32:18,584 [Worker-3] INFO  o.e.m.c.i.embedder.EclipseLogger - Using 'UTF-8' encoding to copy filtered resources.
2013-09-13 22:32:18,584 [Worker-3] INFO  o.e.m.c.i.embedder.EclipseLogger - skip non existing resourceDirectory C:\dev\git\tradespeople\tradespeople-web\src\test\resources
2013-09-13 22:33:03,705 [main] INFO  o.e.m2e.actions.ExecutePomAction - Creating new launch configuration
2013-09-13 22:33:10,767 [Worker-3] INFO  o.e.m.i.launch.MavenLaunchDelegate - C:\dev\git\tradespeople\tradespeople-webservice
2013-09-13 22:33:10,767 [Worker-3] INFO  o.e.m.i.launch.MavenLaunchDelegate -  mvn  -B clean install
2013-09-13 22:36:05,794 [Worker-5] INFO  o.e.m.c.i.l.LifecycleMappingFactory - Using org.eclipse.m2e.jdt.JarLifecycleMapping lifecycle mapping for MavenProject: com.tradespeople:tradespeople-webservice:1.0.0-SNAPSHOT @ C:\dev\git\tradespeople\tradespeople-webservice\pom.xml.
2013-09-13 22:36:07,089 [Worker-5] INFO  o.e.m.c.i.embedder.EclipseLogger - Using 'UTF-8' encoding to copy filtered resources.
2013-09-13 22:36:07,089 [Worker-5] INFO  o.e.m.c.i.embedder.EclipseLogger - Copying 0 resource
2013-09-13 22:36:07,090 [Worker-5] INFO  o.e.m.c.i.embedder.EclipseLogger - Using 'UTF-8' encoding to copy filtered resources.
2013-09-13 22:36:07,094 [Worker-5] INFO  o.e.m.c.i.embedder.EclipseLogger - Copying 0 resource
2013-09-13 22:36:10,769 [main] INFO  o.e.m2e.actions.ExecutePomAction - Using existing launch configuration
2013-09-13 22:36:10,792 [Worker-7] INFO  o.e.m.i.launch.MavenLaunchDelegate - C:\dev\git\tradespeople\tradespeople-webservice
2013-09-13 22:36:10,792 [Worker-7] INFO  o.e.m.i.launch.MavenLaunchDelegate -  mvn  -B clean install
2013-09-13 22:39:01,155 [Worker-12] INFO  o.e.m.c.i.embedder.EclipseLogger - Using 'UTF-8' encoding to copy filtered resources.
2013-09-13 22:39:01,156 [Worker-12] INFO  o.e.m.c.i.embedder.EclipseLogger - Copying 0 resource
2013-09-13 22:39:01,157 [Worker-12] INFO  o.e.m.c.i.embedder.EclipseLogger - Using 'UTF-8' encoding to copy filtered resources.
2013-09-13 22:39:01,157 [Worker-12] INFO  o.e.m.c.i.embedder.EclipseLogger - skip non existing resourceDirectory C:\dev\git\tradespeople\tradespeople-api\src\test\resources
2013-09-13 22:39:01,256 [Worker-12] INFO  o.e.m.c.i.embedder.EclipseLogger - Using 'UTF-8' encoding to copy filtered resources.
2013-09-13 22:39:01,256 [Worker-12] INFO  o.e.m.c.i.embedder.EclipseLogger - skip non existing resourceDirectory C:\dev\git\tradespeople\tradespeople-dao\src\main\resources
2013-09-13 22:39:01,257 [Worker-12] INFO  o.e.m.c.i.embedder.EclipseLogger - Using 'UTF-8' encoding to copy filtered resources.
2013-09-13 22:39:01,258 [Worker-12] INFO  o.e.m.c.i.embedder.EclipseLogger - skip non existing resourceDirectory C:\dev\git\tradespeople\tradespeople-dao\src\test\resources
2013-09-13 22:39:01,274 [Worker-12] INFO  o.e.m.c.i.embedder.EclipseLogger - Using 'UTF-8' encoding to copy filtered resources.
2013-09-13 22:39:01,274 [Worker-12] INFO  o.e.m.c.i.embedder.EclipseLogger - skip non existing resourceDirectory C:\dev\git\tradespeople\tradespeople-grid\src\main\resources
2013-09-13 22:39:01,275 [Worker-12] INFO  o.e.m.c.i.embedder.EclipseLogger - Using 'UTF-8' encoding to copy filtered resources.
2013-09-13 22:39:01,275 [Worker-12] INFO  o.e.m.c.i.embedder.EclipseLogger - skip non existing resourceDirectory C:\dev\git\tradespeople\tradespeople-grid\src\test\resources
2013-09-13 22:39:01,375 [Worker-12] INFO  o.e.m.c.i.embedder.EclipseLogger - Using 'UTF-8' encoding to copy filtered resources.
2013-09-13 22:39:01,375 [Worker-12] INFO  o.e.m.c.i.embedder.EclipseLogger - skip non existing resourceDirectory C:\dev\git\tradespeople\tradespeople-service\src\main\resources
2013-09-13 22:39:01,376 [Worker-12] INFO  o.e.m.c.i.embedder.EclipseLogger - Using 'UTF-8' encoding to copy filtered resources.
2013-09-13 22:39:01,376 [Worker-12] INFO  o.e.m.c.i.embedder.EclipseLogger - skip non existing resourceDirectory C:\dev\git\tradespeople\tradespeople-service\src\test\resources
2013-09-13 22:39:01,465 [Worker-12] INFO  o.e.m.c.i.embedder.EclipseLogger - Using 'UTF-8' encoding to copy filtered resources.
2013-09-13 22:39:01,466 [Worker-12] INFO  o.e.m.c.i.embedder.EclipseLogger - Copying 1 resource
2013-09-13 22:39:01,468 [Worker-12] INFO  o.e.m.c.i.embedder.EclipseLogger - Using 'UTF-8' encoding to copy filtered resources.
2013-09-13 22:39:01,469 [Worker-12] INFO  o.e.m.c.i.embedder.EclipseLogger - Copying 0 resource
2013-09-13 22:39:01,496 [Worker-12] INFO  o.e.m.c.i.embedder.EclipseLogger - Using 'UTF-8' encoding to copy filtered resources.
2013-09-13 22:39:01,498 [Worker-12] INFO  o.e.m.c.i.embedder.EclipseLogger - Copying 3 resources
2013-09-13 22:39:01,504 [Worker-12] INFO  o.e.m.c.i.embedder.EclipseLogger - Using 'UTF-8' encoding to copy filtered resources.
2013-09-13 22:39:01,504 [Worker-12] INFO  o.e.m.c.i.embedder.EclipseLogger - skip non existing resourceDirectory C:\dev\git\tradespeople\tradespeople-web\src\test\resources
2013-09-13 22:39:19,032 [Worker-17] INFO  o.e.m.c.i.embedder.EclipseLogger - Using 'UTF-8' encoding to copy filtered resources.
2013-09-13 22:39:19,032 [Worker-17] INFO  o.e.m.c.i.embedder.EclipseLogger - Copying 0 resource
2013-09-13 22:39:19,034 [Worker-17] INFO  o.e.m.c.i.embedder.EclipseLogger - Using 'UTF-8' encoding to copy filtered resources.
2013-09-13 22:39:19,034 [Worker-17] INFO  o.e.m.c.i.embedder.EclipseLogger - skip non existing resourceDirectory C:\dev\git\tradespeople\tradespeople-api\src\test\resources
2013-09-13 22:39:19,047 [Worker-17] INFO  o.e.m.c.i.embedder.EclipseLogger - Using 'UTF-8' encoding to copy filtered resources.
2013-09-13 22:39:19,048 [Worker-17] INFO  o.e.m.c.i.embedder.EclipseLogger - skip non existing resourceDirectory C:\dev\git\tradespeople\tradespeople-dao\src\main\resources
2013-09-13 22:39:19,049 [Worker-17] INFO  o.e.m.c.i.embedder.EclipseLogger - Using 'UTF-8' encoding to copy filtered resources.
2013-09-13 22:39:19,049 [Worker-17] INFO  o.e.m.c.i.embedder.EclipseLogger - skip non existing resourceDirectory C:\dev\git\tradespeople\tradespeople-dao\src\test\resources
2013-09-13 22:39:19,063 [Worker-17] INFO  o.e.m.c.i.embedder.EclipseLogger - Using 'UTF-8' encoding to copy filtered resources.
2013-09-13 22:39:19,063 [Worker-17] INFO  o.e.m.c.i.embedder.EclipseLogger - skip non existing resourceDirectory C:\dev\git\tradespeople\tradespeople-grid\src\main\resources
2013-09-13 22:39:19,064 [Worker-17] INFO  o.e.m.c.i.embedder.EclipseLogger - Using 'UTF-8' encoding to copy filtered resources.
2013-09-13 22:39:19,064 [Worker-17] INFO  o.e.m.c.i.embedder.EclipseLogger - skip non existing resourceDirectory C:\dev\git\tradespeople\tradespeople-grid\src\test\resources
2013-09-13 22:39:19,074 [Worker-17] INFO  o.e.m.c.i.embedder.EclipseLogger - Using 'UTF-8' encoding to copy filtered resources.
2013-09-13 22:39:19,075 [Worker-17] INFO  o.e.m.c.i.embedder.EclipseLogger - skip non existing resourceDirectory C:\dev\git\tradespeople\tradespeople-service\src\main\resources
2013-09-13 22:39:19,076 [Worker-17] INFO  o.e.m.c.i.embedder.EclipseLogger - Using 'UTF-8' encoding to copy filtered resources.
2013-09-13 22:39:19,076 [Worker-17] INFO  o.e.m.c.i.embedder.EclipseLogger - skip non existing resourceDirectory C:\dev\git\tradespeople\tradespeople-service\src\test\resources
2013-09-13 22:39:19,091 [Worker-17] INFO  o.e.m.c.i.embedder.EclipseLogger - Using 'UTF-8' encoding to copy filtered resources.
2013-09-13 22:39:19,091 [Worker-17] INFO  o.e.m.c.i.embedder.EclipseLogger - Copying 0 resource
2013-09-13 22:39:19,092 [Worker-17] INFO  o.e.m.c.i.embedder.EclipseLogger - Using 'UTF-8' encoding to copy filtered resources.
2013-09-13 22:39:19,092 [Worker-17] INFO  o.e.m.c.i.embedder.EclipseLogger - Copying 0 resource
2013-09-13 22:39:19,107 [Worker-17] INFO  o.e.m.c.i.embedder.EclipseLogger - Using 'UTF-8' encoding to copy filtered resources.
2013-09-13 22:39:19,108 [Worker-17] INFO  o.e.m.c.i.embedder.EclipseLogger - Copying 0 resource
2013-09-13 22:39:19,109 [Worker-17] INFO  o.e.m.c.i.embedder.EclipseLogger - Using 'UTF-8' encoding to copy filtered resources.
2013-09-13 22:39:19,109 [Worker-17] INFO  o.e.m.c.i.embedder.EclipseLogger - skip non existing resourceDirectory C:\dev\git\tradespeople\tradespeople-web\src\test\resources
2013-09-13 22:39:20,439 [Worker-3] INFO  o.e.m.c.i.l.LifecycleMappingFactory - Using org.eclipse.m2e.jdt.JarLifecycleMapping lifecycle mapping for MavenProject: com.tradespeople:tradespeople-webservice:1.0.0-SNAPSHOT @ C:\dev\git\tradespeople\tradespeople-webservice\pom.xml.
2013-09-13 22:39:21,082 [Worker-3] INFO  o.e.m.c.i.embedder.EclipseLogger - Using 'UTF-8' encoding to copy filtered resources.
2013-09-13 22:39:21,082 [Worker-3] INFO  o.e.m.c.i.embedder.EclipseLogger - Copying 1 resource
2013-09-13 22:39:21,085 [Worker-3] INFO  o.e.m.c.i.embedder.EclipseLogger - Using 'UTF-8' encoding to copy filtered resources.
2013-09-13 22:39:21,085 [Worker-3] INFO  o.e.m.c.i.embedder.EclipseLogger - Copying 0 resource
2013-09-13 22:39:30,602 [main] INFO  o.e.m2e.actions.ExecutePomAction - Using existing launch configuration
2013-09-13 22:39:30,633 [Worker-16] INFO  o.e.m.i.launch.MavenLaunchDelegate - C:\dev\git\tradespeople\tradespeople-webservice
2013-09-13 22:39:30,633 [Worker-16] INFO  o.e.m.i.launch.MavenLaunchDelegate -  mvn  -B clean install
2013-09-13 22:41:57,388 [Worker-10] INFO  o.e.m.c.i.embedder.EclipseLogger - Using 'UTF-8' encoding to copy filtered resources.
2013-09-13 22:41:57,389 [Worker-10] INFO  o.e.m.c.i.embedder.EclipseLogger - Copying 0 resource
2013-09-13 22:41:57,391 [Worker-10] INFO  o.e.m.c.i.embedder.EclipseLogger - Using 'UTF-8' encoding to copy filtered resources.
2013-09-13 22:41:57,392 [Worker-10] INFO  o.e.m.c.i.embedder.EclipseLogger - skip non existing resourceDirectory C:\dev\git\tradespeople\tradespeople-api\src\test\resources
2013-09-13 22:41:57,405 [Worker-10] INFO  o.e.m.c.i.embedder.EclipseLogger - Using 'UTF-8' encoding to copy filtered resources.
2013-09-13 22:41:57,406 [Worker-10] INFO  o.e.m.c.i.embedder.EclipseLogger - skip non existing resourceDirectory C:\dev\git\tradespeople\tradespeople-dao\src\main\resources
2013-09-13 22:41:57,406 [Worker-10] INFO  o.e.m.c.i.embedder.EclipseLogger - Using 'UTF-8' encoding to copy filtered resources.
2013-09-13 22:41:57,407 [Worker-10] INFO  o.e.m.c.i.embedder.EclipseLogger - skip non existing resourceDirectory C:\dev\git\tradespeople\tradespeople-dao\src\test\resources
2013-09-13 22:41:57,416 [Worker-10] INFO  o.e.m.c.i.embedder.EclipseLogger - Using 'UTF-8' encoding to copy filtered resources.
2013-09-13 22:41:57,417 [Worker-10] INFO  o.e.m.c.i.embedder.EclipseLogger - skip non existing resourceDirectory C:\dev\git\tradespeople\tradespeople-grid\src\main\resources
2013-09-13 22:41:57,418 [Worker-10] INFO  o.e.m.c.i.embedder.EclipseLogger - Using 'UTF-8' encoding to copy filtered resources.
2013-09-13 22:41:57,418 [Worker-10] INFO  o.e.m.c.i.embedder.EclipseLogger - skip non existing resourceDirectory C:\dev\git\tradespeople\tradespeople-grid\src\test\resources
2013-09-13 22:41:57,429 [Worker-10] INFO  o.e.m.c.i.embedder.EclipseLogger - Using 'UTF-8' encoding to copy filtered resources.
2013-09-13 22:41:57,429 [Worker-10] INFO  o.e.m.c.i.embedder.EclipseLogger - skip non existing resourceDirectory C:\dev\git\tradespeople\tradespeople-service\src\main\resources
2013-09-13 22:41:57,430 [Worker-10] INFO  o.e.m.c.i.embedder.EclipseLogger - Using 'UTF-8' encoding to copy filtered resources.
2013-09-13 22:41:57,430 [Worker-10] INFO  o.e.m.c.i.embedder.EclipseLogger - skip non existing resourceDirectory C:\dev\git\tradespeople\tradespeople-service\src\test\resources
2013-09-13 22:41:57,446 [Worker-10] INFO  o.e.m.c.i.embedder.EclipseLogger - Using 'UTF-8' encoding to copy filtered resources.
2013-09-13 22:41:57,446 [Worker-10] INFO  o.e.m.c.i.embedder.EclipseLogger - Copying 0 resource
2013-09-13 22:41:57,447 [Worker-10] INFO  o.e.m.c.i.embedder.EclipseLogger - Using 'UTF-8' encoding to copy filtered resources.
2013-09-13 22:41:57,447 [Worker-10] INFO  o.e.m.c.i.embedder.EclipseLogger - Copying 0 resource
2013-09-13 22:41:57,463 [Worker-10] INFO  o.e.m.c.i.embedder.EclipseLogger - Using 'UTF-8' encoding to copy filtered resources.
2013-09-13 22:41:57,463 [Worker-10] INFO  o.e.m.c.i.embedder.EclipseLogger - Copying 0 resource
2013-09-13 22:41:57,464 [Worker-10] INFO  o.e.m.c.i.embedder.EclipseLogger - Using 'UTF-8' encoding to copy filtered resources.
2013-09-13 22:41:57,464 [Worker-10] INFO  o.e.m.c.i.embedder.EclipseLogger - skip non existing resourceDirectory C:\dev\git\tradespeople\tradespeople-web\src\test\resources
